[debug] [2022-08-11T10:04:04.542Z] ----------------------------------------------------------------------
[debug] [2022-08-11T10:04:04.543Z] Command:       /usr/local/bin/firebase /home/user/.cache/firebase/tools/lib/node_modules/firebase-tools/lib/bin/firebase init
[debug] [2022-08-11T10:04:04.543Z] CLI Version:   9.22.0
[debug] [2022-08-11T10:04:04.543Z] Platform:      linux
[debug] [2022-08-11T10:04:04.544Z] Node Version:  v12.18.1
[debug] [2022-08-11T10:04:04.544Z] Time:          Thu Aug 11 2022 15:34:04 GMT+0530 (India Standard Time)
[debug] [2022-08-11T10:04:04.545Z] ----------------------------------------------------------------------
[debug] 
[debug] [2022-08-11T10:04:04.549Z] > command requires scopes: ["email","openid","https://www.googleapis.com/auth/cloudplatformprojects.readonly","https://www.googleapis.com/auth/firebase","https://www.googleapis.com/auth/cloud-platform"]
[debug] [2022-08-11T10:04:04.550Z] > authorizing via signed-in user (venkatesh.k@globalsinc.com)
[info] 
     ######## #### ########  ######## ########     ###     ######  ########
     ##        ##  ##     ## ##       ##     ##  ##   ##  ##       ##
     ######    ##  ########  ######   ########  #########  ######  ######
     ##        ##  ##    ##  ##       ##     ## ##     ##       ## ##
     ##       #### ##     ## ######## ########  ##     ##  ######  ########

You're about to initialize a Firebase project in this directory:

  /home/user/Projects/educube-ai-layout

[info] 
=== Project Setup
[info] 
[info] First, let's associate this project directory with a Firebase project.
[info] You can create multiple project aliases by running firebase use --add, 
[info] but for now we'll just set up a default project.
[info] 
[info] i  If you want to create a project in a Google Cloud organization or folder, please use "firebase projects:create" instead, and return to this command when you've created the project. 
[debug] [2022-08-11T10:04:55.955Z] > refreshing access token with scopes: ["email","https://www.googleapis.com/auth/cloud-platform","https://www.googleapis.com/auth/cloudplatformprojects.readonly","https://www.googleapis.com/auth/firebase","openid"]
[debug] [2022-08-11T10:04:55.956Z] >>> HTTP REQUEST POST https://www.googleapis.com/oauth2/v3/token  
 <request body omitted>
[debug] [2022-08-11T10:04:56.242Z] <<< HTTP RESPONSE 200 {"expires":"Mon, 01 Jan 1990 00:00:00 GMT","pragma":"no-cache","cache-control":"no-cache, no-store, max-age=0, must-revalidate","date":"Thu, 11 Aug 2022 10:04:56 GMT","content-type":"application/json; charset=utf-8","vary":"X-Origin, Referer, Origin,Accept-Encoding","server":"scaffolding on HTTPServer2","x-xss-protection":"0","x-frame-options":"SAMEORIGIN","x-content-type-options":"nosniff","alt-svc":"h3=\":443\"; ma=2592000,h3-29=\":443\"; ma=2592000,h3-Q050=\":443\"; ma=2592000,h3-Q046=\":443\"; ma=2592000,h3-Q043=\":443\"; ma=2592000,quic=\":443\"; ma=2592000; v=\"46,43\"","accept-ranges":"none","transfer-encoding":"chunked"}
[debug] [2022-08-11T10:04:56.341Z] >>> HTTP REQUEST POST https://cloudresourcemanager.googleapis.com/v1/projects  
 {"projectId":"educubedashboard","name":"educubedashboard"}
[debug] [2022-08-11T10:04:58.361Z] <<< HTTP RESPONSE 200 {"content-type":"application/json; charset=UTF-8","vary":"X-Origin, Referer, Origin,Accept-Encoding","date":"Thu, 11 Aug 2022 10:04:58 GMT","server":"ESF","cache-control":"private","x-xss-protection":"0","x-frame-options":"SAMEORIGIN","x-content-type-options":"nosniff","server-timing":"gfet4t7; dur=1787","alt-svc":"h3=\":443\"; ma=2592000,h3-29=\":443\"; ma=2592000,h3-Q050=\":443\"; ma=2592000,h3-Q046=\":443\"; ma=2592000,h3-Q043=\":443\"; ma=2592000,quic=\":443\"; ma=2592000; v=\"46,43\"","accept-ranges":"none","transfer-encoding":"chunked"}
[debug] [2022-08-11T10:04:58.365Z] > refreshing access token with scopes: []
[debug] [2022-08-11T10:04:58.366Z] >>> HTTP REQUEST POST https://www.googleapis.com/oauth2/v3/token  
 <request body omitted>
[debug] [2022-08-11T10:04:58.558Z] <<< HTTP RESPONSE 200 {"cache-control":"no-cache, no-store, max-age=0, must-revalidate","date":"Thu, 11 Aug 2022 10:04:58 GMT","expires":"Mon, 01 Jan 1990 00:00:00 GMT","pragma":"no-cache","content-type":"application/json; charset=utf-8","vary":"X-Origin, Referer, Origin,Accept-Encoding","server":"scaffolding on HTTPServer2","x-xss-protection":"0","x-frame-options":"SAMEORIGIN","x-content-type-options":"nosniff","alt-svc":"h3=\":443\"; ma=2592000,h3-29=\":443\"; ma=2592000,h3-Q050=\":443\"; ma=2592000,h3-Q046=\":443\"; ma=2592000,h3-Q043=\":443\"; ma=2592000,quic=\":443\"; ma=2592000; v=\"46,43\"","accept-ranges":"none","transfer-encoding":"chunked"}
[debug] [2022-08-11T10:04:58.628Z] >>> [apiv2][query] GET https://cloudresourcemanager.googleapis.com/v1/operations/cp.7065272795493129223 [none]
[debug] [2022-08-11T10:05:00.304Z] <<< [apiv2][status] GET https://cloudresourcemanager.googleapis.com/v1/operations/cp.7065272795493129223 200
[debug] [2022-08-11T10:05:00.304Z] <<< [apiv2][body] GET https://cloudresourcemanager.googleapis.com/v1/operations/cp.7065272795493129223 {"name":"operations/cp.7065272795493129223","metadata":{"@type":"type.googleapis.com/google.cloudresourcemanager.v1.ProjectCreationStatus","gettable":true}}
[debug] [2022-08-11T10:05:00.806Z] [Project Creation Poller] Retrying task index 0
[debug] [2022-08-11T10:05:00.807Z] >>> [apiv2][query] GET https://cloudresourcemanager.googleapis.com/v1/operations/cp.7065272795493129223 [none]
[debug] [2022-08-11T10:05:02.492Z] <<< [apiv2][status] GET https://cloudresourcemanager.googleapis.com/v1/operations/cp.7065272795493129223 200
[debug] [2022-08-11T10:05:02.493Z] <<< [apiv2][body] GET https://cloudresourcemanager.googleapis.com/v1/operations/cp.7065272795493129223 {"name":"operations/cp.7065272795493129223","metadata":{"@type":"type.googleapis.com/google.cloudresourcemanager.v1.ProjectCreationStatus","gettable":true,"ready":true},"done":true,"response":{"@type":"type.googleapis.com/google.cloudresourcemanager.v1.Project","projectNumber":"97123042708","projectId":"educubedashboard","lifecycleState":"ACTIVE","name":"educubedashboard","createTime":"2022-08-11T10:04:57.797Z","parent":{"type":"organization","id":"324095075412"}}}
[debug] [2022-08-11T10:05:02.497Z] > refreshing access token with scopes: ["email","https://www.googleapis.com/auth/cloud-platform","https://www.googleapis.com/auth/cloudplatformprojects.readonly","https://www.googleapis.com/auth/firebase","openid"]
[debug] [2022-08-11T10:05:02.497Z] >>> HTTP REQUEST POST https://www.googleapis.com/oauth2/v3/token  
 <request body omitted>
[debug] [2022-08-11T10:05:02.675Z] <<< HTTP RESPONSE 200 {"date":"Thu, 11 Aug 2022 10:05:02 GMT","cache-control":"no-cache, no-store, max-age=0, must-revalidate","pragma":"no-cache","expires":"Mon, 01 Jan 1990 00:00:00 GMT","content-type":"application/json; charset=utf-8","vary":"X-Origin, Referer, Origin,Accept-Encoding","server":"scaffolding on HTTPServer2","x-xss-protection":"0","x-frame-options":"SAMEORIGIN","x-content-type-options":"nosniff","alt-svc":"h3=\":443\"; ma=2592000,h3-29=\":443\"; ma=2592000,h3-Q050=\":443\"; ma=2592000,h3-Q046=\":443\"; ma=2592000,h3-Q043=\":443\"; ma=2592000,quic=\":443\"; ma=2592000; v=\"46,43\"","accept-ranges":"none","transfer-encoding":"chunked"}
[debug] [2022-08-11T10:05:02.759Z] >>> HTTP REQUEST POST https://firebase.googleapis.com/v1beta1/projects/educubedashboard:addFirebase  
 
[debug] [2022-08-11T10:05:06.061Z] <<< HTTP RESPONSE 200 {"content-type":"application/json; charset=UTF-8","vary":"X-Origin, Referer, Origin,Accept-Encoding","date":"Thu, 11 Aug 2022 10:05:06 GMT","server":"ESF","cache-control":"private","x-xss-protection":"0","x-frame-options":"SAMEORIGIN","x-content-type-options":"nosniff","alt-svc":"h3=\":443\"; ma=2592000,h3-29=\":443\"; ma=2592000,h3-Q050=\":443\"; ma=2592000,h3-Q046=\":443\"; ma=2592000,h3-Q043=\":443\"; ma=2592000,quic=\":443\"; ma=2592000; v=\"46,43\"","accept-ranges":"none","transfer-encoding":"chunked"}
[debug] [2022-08-11T10:05:06.062Z] > refreshing access token with scopes: []
[debug] [2022-08-11T10:05:06.063Z] >>> HTTP REQUEST POST https://www.googleapis.com/oauth2/v3/token  
 <request body omitted>
[debug] [2022-08-11T10:05:06.237Z] <<< HTTP RESPONSE 200 {"pragma":"no-cache","date":"Thu, 11 Aug 2022 10:05:06 GMT","expires":"Mon, 01 Jan 1990 00:00:00 GMT","cache-control":"no-cache, no-store, max-age=0, must-revalidate","content-type":"application/json; charset=utf-8","vary":"X-Origin, Referer, Origin,Accept-Encoding","server":"scaffolding on HTTPServer2","x-xss-protection":"0","x-frame-options":"SAMEORIGIN","x-content-type-options":"nosniff","alt-svc":"h3=\":443\"; ma=2592000,h3-29=\":443\"; ma=2592000,h3-Q050=\":443\"; ma=2592000,h3-Q046=\":443\"; ma=2592000,h3-Q043=\":443\"; ma=2592000,quic=\":443\"; ma=2592000; v=\"46,43\"","accept-ranges":"none","transfer-encoding":"chunked"}
[debug] [2022-08-11T10:05:06.321Z] >>> [apiv2][query] GET https://firebase.googleapis.com/v1beta1/operations/workflows/NjliZjY5M2YtZTI3NS00ZjUxLTk4NjAtMTBhNzU2MjA1NzYw [none]
[debug] [2022-08-11T10:05:07.455Z] <<< [apiv2][status] GET https://firebase.googleapis.com/v1beta1/operations/workflows/NjliZjY5M2YtZTI3NS00ZjUxLTk4NjAtMTBhNzU2MjA1NzYw 200
[debug] [2022-08-11T10:05:07.456Z] <<< [apiv2][body] GET https://firebase.googleapis.com/v1beta1/operations/workflows/NjliZjY5M2YtZTI3NS00ZjUxLTk4NjAtMTBhNzU2MjA1NzYw {"name":"operations/workflows/NjliZjY5M2YtZTI3NS00ZjUxLTk4NjAtMTBhNzU2MjA1NzYw"}
[debug] [2022-08-11T10:05:07.957Z] [Add Firebase Poller] Retrying task index 0
[debug] [2022-08-11T10:05:07.958Z] >>> [apiv2][query] GET https://firebase.googleapis.com/v1beta1/operations/workflows/NjliZjY5M2YtZTI3NS00ZjUxLTk4NjAtMTBhNzU2MjA1NzYw [none]
[debug] [2022-08-11T10:05:08.777Z] <<< [apiv2][status] GET https://firebase.googleapis.com/v1beta1/operations/workflows/NjliZjY5M2YtZTI3NS00ZjUxLTk4NjAtMTBhNzU2MjA1NzYw 200
[debug] [2022-08-11T10:05:08.777Z] <<< [apiv2][body] GET https://firebase.googleapis.com/v1beta1/operations/workflows/NjliZjY5M2YtZTI3NS00ZjUxLTk4NjAtMTBhNzU2MjA1NzYw {"name":"operations/workflows/NjliZjY5M2YtZTI3NS00ZjUxLTk4NjAtMTBhNzU2MjA1NzYw"}
[debug] [2022-08-11T10:05:09.779Z] [Add Firebase Poller] Retrying task index 0
[debug] [2022-08-11T10:05:09.780Z] >>> [apiv2][query] GET https://firebase.googleapis.com/v1beta1/operations/workflows/NjliZjY5M2YtZTI3NS00ZjUxLTk4NjAtMTBhNzU2MjA1NzYw [none]
[debug] [2022-08-11T10:05:10.820Z] <<< [apiv2][status] GET https://firebase.googleapis.com/v1beta1/operations/workflows/NjliZjY5M2YtZTI3NS00ZjUxLTk4NjAtMTBhNzU2MjA1NzYw 200
[debug] [2022-08-11T10:05:10.820Z] <<< [apiv2][body] GET https://firebase.googleapis.com/v1beta1/operations/workflows/NjliZjY5M2YtZTI3NS00ZjUxLTk4NjAtMTBhNzU2MjA1NzYw {"name":"operations/workflows/NjliZjY5M2YtZTI3NS00ZjUxLTk4NjAtMTBhNzU2MjA1NzYw"}
[debug] [2022-08-11T10:05:12.821Z] [Add Firebase Poller] Retrying task index 0
[debug] [2022-08-11T10:05:12.823Z] >>> [apiv2][query] GET https://firebase.googleapis.com/v1beta1/operations/workflows/NjliZjY5M2YtZTI3NS00ZjUxLTk4NjAtMTBhNzU2MjA1NzYw [none]
[debug] [2022-08-11T10:05:13.626Z] <<< [apiv2][status] GET https://firebase.googleapis.com/v1beta1/operations/workflows/NjliZjY5M2YtZTI3NS00ZjUxLTk4NjAtMTBhNzU2MjA1NzYw 200
[debug] [2022-08-11T10:05:13.626Z] <<< [apiv2][body] GET https://firebase.googleapis.com/v1beta1/operations/workflows/NjliZjY5M2YtZTI3NS00ZjUxLTk4NjAtMTBhNzU2MjA1NzYw {"name":"operations/workflows/NjliZjY5M2YtZTI3NS00ZjUxLTk4NjAtMTBhNzU2MjA1NzYw","done":true,"response":{"@type":"type.googleapis.com/google.firebase.service.v1beta1.FirebaseProject","projectId":"educubedashboard","projectNumber":"97123042708","displayName":"educubedashboard","name":"projects/educubedashboard","resources":{"hostingSite":"educubedashboard"}}}
[info] 
[info] 🎉🎉🎉 Your Firebase project is ready! 🎉🎉🎉
[info] 
[info] Project information:
[info]    - Project ID: educubedashboard
[info]    - Project Name: educubedashboard
[info] 
[info] Firebase console is available at
[info] https://console.firebase.google.com/project/educubedashboard/overview
[info] i  Using project educubedashboard (educubedashboard) 
[info] 
=== Hosting:github Setup
[info] 
[info] i  Detected a .git folder at /home/user/Projects/educube-ai-layout 
[info] i  Authorizing with GitHub to upload your service account to a GitHub repository's secrets store. 
[info] 
[info] Visit this URL on this device to log in:
[info] https://github.com/login/oauth/authorize?client_id=89cf50f02ac6aaed3484&state=287187749&redirect_uri=http%3A%2F%2Flocalhost%3A9005&scope=read%3Auser%20repo%20public_repo
[info] 
[info] Waiting for authentication...
[debug] [2022-08-11T10:05:14.557Z] >>> HTTP REQUEST POST https://github.com/login/oauth/access_token  
 {"client_id":"89cf50f02ac6aaed3484","client_secret":"3330d14abc895d9a74d5f17cd7a00711fa2c5bf0","code":"9f54f585d506e8eef621","redirect_uri":"http://localhost:9005","state":"287187749"}
[debug] [2022-08-11T10:05:14.925Z] <<< HTTP RESPONSE 200 {"server":"GitHub.com","date":"Thu, 11 Aug 2022 10:05:14 GMT","content-type":"application/json; charset=utf-8","transfer-encoding":"chunked","vary":"X-PJAX, X-PJAX-Container, Turbo-Visit, Turbo-Frame, Accept-Encoding, Accept, X-Requested-With","permissions-policy":"interest-cohort=()","etag":"W/\"c31e20e109ac70db9b465902e1e4bb29\"","cache-control":"max-age=0, private, must-revalidate","strict-transport-security":"max-age=31536000; includeSubdomains; preload","x-frame-options":"deny","x-content-type-options":"nosniff","x-xss-protection":"0","referrer-policy":"origin-when-cross-origin, strict-origin-when-cross-origin","expect-ct":"max-age=2592000, report-uri=\"https://api.github.com/_private/browser/errors\"","content-security-policy":"default-src 'none'; base-uri 'self'; block-all-mixed-content; child-src github.com/assets-cdn/worker/ gist.github.com/assets-cdn/worker/; connect-src 'self' uploads.github.com objects-origin.githubusercontent.com www.githubstatus.com collector.github.com raw.githubusercontent.com api.github.com github-cloud.s3.amazonaws.com github-production-repository-file-5c1aeb.s3.amazonaws.com github-production-upload-manifest-file-7fdce7.s3.amazonaws.com github-production-user-asset-6210df.s3.amazonaws.com cdn.optimizely.com logx.optimizely.com/v1/events *.actions.githubusercontent.com wss://*.actions.githubusercontent.com online.visualstudio.com/api/v1/locations github-production-repository-image-32fea6.s3.amazonaws.com github-production-release-asset-2e65be.s3.amazonaws.com insights.github.com wss://alive.github.com; font-src github.githubassets.com; form-action 'self' github.com gist.github.com objects-origin.githubusercontent.com; frame-ancestors 'none'; frame-src render.githubusercontent.com viewscreen.githubusercontent.com notebooks.githubusercontent.com; img-src 'self' data: github.githubassets.com identicons.github.com github-cloud.s3.amazonaws.com secured-user-images.githubusercontent.com/ github-production-user-asset-6210df.s3.amazonaws.com customer-stories-feed.github.com spotlights-feed.github.com *.githubusercontent.com; manifest-src 'self'; media-src github.com user-images.githubusercontent.com/ secured-user-images.githubusercontent.com/; script-src github.githubassets.com; style-src 'unsafe-inline' github.githubassets.com; worker-src github.com/assets-cdn/worker/ gist.github.com/assets-cdn/worker/","x-github-request-id":"D6F2:0353:A1E8C:137859:62F4D45A"}
[debug] [2022-08-11T10:05:14.939Z] >>> [apiv2][query] GET https://api.github.com/user [none]
[debug] [2022-08-11T10:05:15.349Z] <<< [apiv2][status] GET https://api.github.com/user 200
[debug] [2022-08-11T10:05:15.349Z] <<< [apiv2][body] GET https://api.github.com/user {"login":"Venk333","id":89569490,"node_id":"MDQ6VXNlcjg5NTY5NDkw","avatar_url":"https://avatars.githubusercontent.com/u/89569490?v=4","gravatar_id":"","url":"https://api.github.com/users/Venk333","html_url":"https://github.com/Venk333","followers_url":"https://api.github.com/users/Venk333/followers","following_url":"https://api.github.com/users/Venk333/following{/other_user}","gists_url":"https://api.github.com/users/Venk333/gists{/gist_id}","starred_url":"https://api.github.com/users/Venk333/starred{/owner}{/repo}","subscriptions_url":"https://api.github.com/users/Venk333/subscriptions","organizations_url":"https://api.github.com/users/Venk333/orgs","repos_url":"https://api.github.com/users/Venk333/repos","events_url":"https://api.github.com/users/Venk333/events{/privacy}","received_events_url":"https://api.github.com/users/Venk333/received_events","type":"User","site_admin":false,"name":null,"company":null,"blog":"","location":null,"email":null,"hireable":null,"bio":null,"twitter_username":null,"public_repos":1,"public_gists":0,"followers":0,"following":0,"created_at":"2021-08-26T06:17:55Z","updated_at":"2022-08-11T09:55:43Z","private_gists":0,"total_private_repos":0,"owned_private_repos":0,"disk_usage":395,"collaborators":0,"two_factor_authentication":false,"plan":{"name":"free","space":976562499,"collaborators":0,"private_repos":10000}}
[info] 
[info] ✔  Success! Logged into GitHub as Venk333 
[info] 
[debug] [2022-08-11T10:05:52.695Z] >>> [apiv2][query] GET https://api.github.com/repos/sriglb/actions/secrets/public-key type=owner
[debug] [2022-08-11T10:05:52.698Z] >>> [apiv2][query] GET https://api.github.com/repos///actions/secrets/public-key type=owner
[debug] [2022-08-11T10:05:53.032Z] <<< [apiv2][status] GET https://api.github.com/repos/sriglb/actions/secrets/public-key 404
[debug] [2022-08-11T10:05:53.032Z] <<< [apiv2][body] GET https://api.github.com/repos/sriglb/actions/secrets/public-key {"message":"Not Found","documentation_url":"https://docs.github.com/rest"}
[debug] [2022-08-11T10:05:53.041Z] <<< [apiv2][status] GET https://api.github.com/repos///actions/secrets/public-key 404
[debug] [2022-08-11T10:05:53.042Z] <<< [apiv2][body] GET https://api.github.com/repos///actions/secrets/public-key {"message":"Not Found","documentation_url":"https://docs.github.com/rest"}
